<?xml version="1.0" encoding="UTF-8"?>
<testsuite name="testCleanItem.CRUDItemTest" tests="1" skipped="0" failures="1" errors="0" timestamp="2021-03-10T06:09:16" hostname="MacBook-Pro-de-Raisa.local" time="15.749">
  <properties/>
  <testcase name="verify_CRUD_item_todoly" classname="testCleanItem.CRUDItemTest" time="15.749">
    <failure message="org.junit.ComparisonFailure: ERROR !!! item No Creado expected:&lt;[Item]&gt; but was:&lt;[ProjectRS]&gt;" type="org.junit.ComparisonFailure">org.junit.ComparisonFailure: ERROR !!! item No Creado expected:&lt;[Item]&gt; but was:&lt;[ProjectRS]&gt;
	at org.junit.Assert.assertEquals(Assert.java:115)
	at testCleanItem.CRUDItemTest.verify_CRUD_item_todoly(CRUDItemTest.java:61)
	at sun.reflect.NativeMethodAccessorImpl.invoke0(Native Method)
	at sun.reflect.NativeMethodAccessorImpl.invoke(NativeMethodAccessorImpl.java:62)
	at sun.reflect.DelegatingMethodAccessorImpl.invoke(DelegatingMethodAccessorImpl.java:43)
	at java.lang.reflect.Method.invoke(Method.java:498)
	at org.junit.runners.model.FrameworkMethod$1.runReflectiveCall(FrameworkMethod.java:50)
	at org.junit.internal.runners.model.ReflectiveCallable.run(ReflectiveCallable.java:12)
	at org.junit.runners.model.FrameworkMethod.invokeExplosively(FrameworkMethod.java:47)
	at org.junit.internal.runners.statements.InvokeMethod.evaluate(InvokeMethod.java:17)
	at org.junit.internal.runners.statements.RunAfters.evaluate(RunAfters.java:27)
	at org.junit.runners.ParentRunner.runLeaf(ParentRunner.java:325)
	at org.junit.runners.BlockJUnit4ClassRunner.runChild(BlockJUnit4ClassRunner.java:78)
	at org.junit.runners.BlockJUnit4ClassRunner.runChild(BlockJUnit4ClassRunner.java:57)
	at org.junit.runners.ParentRunner$3.run(ParentRunner.java:290)
	at org.junit.runners.ParentRunner$1.schedule(ParentRunner.java:71)
	at org.junit.runners.ParentRunner.runChildren(ParentRunner.java:288)
	at org.junit.runners.ParentRunner.access$000(ParentRunner.java:58)
	at org.junit.runners.ParentRunner$2.evaluate(ParentRunner.java:268)
	at org.junit.runners.ParentRunner.run(ParentRunner.java:363)
	at org.gradle.api.internal.tasks.testing.junit.JUnitTestClassExecutor.runTestClass(JUnitTestClassExecutor.java:110)
	at org.gradle.api.internal.tasks.testing.junit.JUnitTestClassExecutor.execute(JUnitTestClassExecutor.java:58)
	at org.gradle.api.internal.tasks.testing.junit.JUnitTestClassExecutor.execute(JUnitTestClassExecutor.java:38)
	at org.gradle.api.internal.tasks.testing.junit.AbstractJUnitTestClassProcessor.processTestClass(AbstractJUnitTestClassProcessor.java:62)
	at org.gradle.api.internal.tasks.testing.SuiteTestClassProcessor.processTestClass(SuiteTestClassProcessor.java:51)
	at sun.reflect.NativeMethodAccessorImpl.invoke0(Native Method)
	at sun.reflect.NativeMethodAccessorImpl.invoke(NativeMethodAccessorImpl.java:62)
	at sun.reflect.DelegatingMethodAccessorImpl.invoke(DelegatingMethodAccessorImpl.java:43)
	at java.lang.reflect.Method.invoke(Method.java:498)
	at org.gradle.internal.dispatch.ReflectionDispatch.dispatch(ReflectionDispatch.java:36)
	at org.gradle.internal.dispatch.ReflectionDispatch.dispatch(ReflectionDispatch.java:24)
	at org.gradle.internal.dispatch.ContextClassLoaderDispatch.dispatch(ContextClassLoaderDispatch.java:33)
	at org.gradle.internal.dispatch.ProxyDispatchAdapter$DispatchingInvocationHandler.invoke(ProxyDispatchAdapter.java:94)
	at com.sun.proxy.$Proxy2.processTestClass(Unknown Source)
	at org.gradle.api.internal.tasks.testing.worker.TestWorker.processTestClass(TestWorker.java:119)
	at sun.reflect.NativeMethodAccessorImpl.invoke0(Native Method)
	at sun.reflect.NativeMethodAccessorImpl.invoke(NativeMethodAccessorImpl.java:62)
	at sun.reflect.DelegatingMethodAccessorImpl.invoke(DelegatingMethodAccessorImpl.java:43)
	at java.lang.reflect.Method.invoke(Method.java:498)
	at org.gradle.internal.dispatch.ReflectionDispatch.dispatch(ReflectionDispatch.java:36)
	at org.gradle.internal.dispatch.ReflectionDispatch.dispatch(ReflectionDispatch.java:24)
	at org.gradle.internal.remote.internal.hub.MessageHubBackedObjectConnection$DispatchWrapper.dispatch(MessageHubBackedObjectConnection.java:182)
	at org.gradle.internal.remote.internal.hub.MessageHubBackedObjectConnection$DispatchWrapper.dispatch(MessageHubBackedObjectConnection.java:164)
	at org.gradle.internal.remote.internal.hub.MessageHub$Handler.run(MessageHub.java:414)
	at org.gradle.internal.concurrent.ExecutorPolicy$CatchAndRecordFailures.onExecute(ExecutorPolicy.java:64)
	at org.gradle.internal.concurrent.ManagedExecutorImpl$1.run(ManagedExecutorImpl.java:48)
	at java.util.concurrent.ThreadPoolExecutor.runWorker(ThreadPoolExecutor.java:1149)
	at java.util.concurrent.ThreadPoolExecutor$Worker.run(ThreadPoolExecutor.java:624)
	at org.gradle.internal.concurrent.ThreadFactoryImpl$ManagedThreadRunnable.run(ThreadFactoryImpl.java:56)
	at java.lang.Thread.run(Thread.java:748)
</failure>
  </testcase>
  <system-out><![CDATA[]]></system-out>
  <system-err><![CDATA[1615356557051	geckodriver	INFO	Listening on 127.0.0.1:4817
1615356557341	mozrunner::runner	INFO	Running command: "/Applications/Firefox.app/Contents/MacOS/firefox-bin" "--marionette" "-foreground" "-no-remote" "-profile" "/var/folders/r5/bj_c2rks6713s1hjjwfkgww00000gn/T/rust_mozprofileWeuZZw"
2021-03-10 02:09:19.341 firefox-bin[35442:8440135] Warning: Expected min height of view: (<NSButton: 0x12e7b3000>) to be less than or equal to 30 but got a height of 32.000000. This error will be logged once per view in violation.
2021-03-10 02:09:19.341 firefox-bin[35442:8440135] Warning: Expected min height of view: (<NSButton: 0x1396b5000>) to be less than or equal to 30 but got a height of 32.000000. This error will be logged once per view in violation.
2021-03-10 02:09:19.342 firefox-bin[35442:8440135] Warning: Expected min height of view: (<NSButton: 0x1396ad800>) to be less than or equal to 30 but got a height of 32.000000. This error will be logged once per view in violation.
2021-03-10 02:09:19.343 firefox-bin[35442:8440135] Warning: Expected min height of view: (<NSButton: 0x1396b7400>) to be less than or equal to 30 but got a height of 32.000000. This error will be logged once per view in violation.
2021-03-10 02:09:19.343 firefox-bin[35442:8440135] Warning: Expected min height of view: (<NSButton: 0x1396b7000>) to be less than or equal to 30 but got a height of 32.000000. This error will be logged once per view in violation.
2021-03-10 02:09:19.344 firefox-bin[35442:8440135] Warning: Expected min height of view: (<NSPopoverTouchBarItemButton: 0x1396bbc00>) to be less than or equal to 30 but got a height of 32.000000. This error will be logged once per view in violation.
2021-03-10 02:09:19.344 firefox-bin[35442:8440135] Warning: Expected min height of view: (<NSPopoverTouchBarItemButton: 0x1398c9400>) to be less than or equal to 30 but got a height of 32.000000. This error will be logged once per view in violation.
console.warn: SearchSettings: "get: No settings file exists, new profile?" (new Error("", "(unknown module)"))
1615356560551	Marionette	INFO	Listening on port 56634
1615356560647	Marionette	WARN	TLS certificate errors will be ignored for this session
mar 10, 2021 2:09:20 AM org.openqa.selenium.remote.ProtocolHandshake createSession
INFORMACIÓN: Detected dialect: W3C
1615356571849	Marionette	INFO	Stopped listening on port 56634

###!!! [Parent][RunMessage] Error: Channel closing: too late to send/recv, messages will be lost

]]></system-err>
</testsuite>
